<?xml version="1.0" encoding="UTF-8"?>
<!-- Generated by org.testng.reporters.JUnitXMLReporter -->
<testsuite ignored="0" hostname="DESKTOP-O9GKT81" failures="0" tests="6" name="Default test" time="60.79" errors="0" timestamp="2024-09-11T13:51:50 IST">
  <testcase classname="GERMANY_LOGINPAGE.Login_page" name="Login_with_blanck_input" time="3.504"/>
  <testcase classname="GERMANY_LOGINPAGE.Login_page" name="Login_with_invailiduser_validpassword" time="10.253"/>
  <testcase classname="GERMANY_LOGINPAGE.Login_page" name="Login_with_Vailiduser_invailid_password" time="10.444"/>
  <testcase classname="GERMANY_LOGINPAGE.Login_page" name="Login_with_invaliduser_invalidpassword" time="10.166"/>
  <testcase classname="GERMANY_LOGINPAGE.Login_page" name="login_with_valid_id_pass" time="10.493"/>
  <testcase classname="GERMANY_LOGINPAGE.Login_page" name="CHECk_CV_ANALYSIS" time="9.248"/>
</testsuite> <!-- Default test -->
