<?xml version="1.0" encoding="UTF-8"?>
<!-- Generated by org.testng.reporters.JUnitXMLReporter -->
<testsuite ignored="3" hostname="DESKTOP-O9GKT81" failures="1" tests="1" name="Default test(failed)(failed)(failed)(failed)" time="3.444" errors="0" timestamp="2024-09-10T14:34:33 IST">
  <testcase classname="GERMANY_LOGINPAGE.Login_page$NewTestaAmazon" name="blanck_input" time="0.438">
    <failure type="junit.framework.AssertionFailedError">
      <![CDATA[junit.framework.AssertionFailedError
at junit.framework.Assert.fail(Assert.java:47)
at junit.framework.Assert.assertTrue(Assert.java:20)
at junit.framework.Assert.assertTrue(Assert.java:27)
at GERMANY_LOGINPAGE.Login_page$NewTestaAmazon.blanck_input(Login_page.java:117)
at java.base/java.util.ArrayList.forEach(ArrayList.java:1597)
... Removed 25 stack frames]]>
    </failure>
  </testcase> <!-- blanck_input -->
  <testcase classname="GERMANY_LOGINPAGE.Login_page$NewTestaAmazon" name="invailiduser_validpassword" time="0.0">
    <ignored/>
  </testcase> <!-- invailiduser_validpassword -->
  <testcase classname="GERMANY_LOGINPAGE.Login_page$NewTestaAmazon" name="login_with_valid_id_pass" time="0.0">
    <ignored/>
  </testcase> <!-- login_with_valid_id_pass -->
  <testcase classname="GERMANY_LOGINPAGE.Login_page$NewTestaAmazon" name="Vailiduser_invailid_password" time="0.0">
    <ignored/>
  </testcase> <!-- Vailiduser_invailid_password -->
</testsuite> <!-- Default test(failed)(failed)(failed)(failed) -->
